<?xml version="1.0" encoding="UTF-8"?>
<testng-results skipped="0" failed="0" ignored="0" total="1" passed="1">
  <reporter-output>
    <line>
      <![CDATA[Before Class]]>
    </line>
    <line>
      <![CDATA[Before Method]]>
    </line>
    <line>
      <![CDATA[TC1]]>
    </line>
    <line>
      <![CDATA[After Method]]>
    </line>
  </reporter-output>
  <suite name="Default suite" duration-ms="17747" started-at="2020-11-19T23:18:28 IST" finished-at="2020-11-19T23:18:45 IST">
    <groups>
    </groups>
    <test name="Default test" duration-ms="17747" started-at="2020-11-19T23:18:28 IST" finished-at="2020-11-19T23:18:45 IST">
      <class name="Org.Luxsh.TestngDemo.TC8CurrentAddress">
        <test-method status="PASS" signature="beforeC()[pri:0, instance:Org.Luxsh.TestngDemo.TC8CurrentAddress@57855c9a]" name="beforeC" is-config="true" duration-ms="8" started-at="2020-11-19T23:18:28 IST" finished-at="2020-11-19T23:18:28 IST">
          <reporter-output>
            <line>
              <![CDATA[Before Class]]>
            </line>
          </reporter-output>
        </test-method> <!-- beforeC -->
        <test-method status="PASS" signature="beforeM()[pri:0, instance:Org.Luxsh.TestngDemo.TC8CurrentAddress@57855c9a]" name="beforeM" is-config="true" duration-ms="15423" started-at="2020-11-19T23:18:28 IST" finished-at="2020-11-19T23:18:43 IST">
          <reporter-output>
            <line>
              <![CDATA[Before Method]]>
            </line>
          </reporter-output>
        </test-method> <!-- beforeM -->
        <test-method status="PASS" signature="TC1()[pri:0, instance:Org.Luxsh.TestngDemo.TC8CurrentAddress@57855c9a]" name="TC1" duration-ms="1622" started-at="2020-11-19T23:18:43 IST" finished-at="2020-11-19T23:18:45 IST">
          <reporter-output>
            <line>
              <![CDATA[TC1]]>
            </line>
          </reporter-output>
        </test-method> <!-- TC1 -->
        <test-method status="PASS" signature="afterM()[pri:0, instance:Org.Luxsh.TestngDemo.TC8CurrentAddress@57855c9a]" name="afterM" is-config="true" duration-ms="466" started-at="2020-11-19T23:18:45 IST" finished-at="2020-11-19T23:18:45 IST">
          <reporter-output>
            <line>
              <![CDATA[After Method]]>
            </line>
          </reporter-output>
        </test-method> <!-- afterM -->
      </class> <!-- Org.Luxsh.TestngDemo.TC8CurrentAddress -->
    </test> <!-- Default test -->
  </suite> <!-- Default suite -->
</testng-results>
