<?xml version="1.0" encoding="UTF-8"?>
<!-- Generated by org.testng.reporters.JUnitReportReporter -->
<testsuite skipped="0" hostname="DESKTOP-9PGB7JV" name="Org.Luxsh.TestngDemo.TC1Name" tests="5" failures="0" timestamp="2020-11-19T22:26:52 IST" time="156.146" errors="0">
  <testcase name="TC4" time="27.323" classname="Org.Luxsh.TestngDemo.TC1Name"/>
  <system-out>
TC4  </system-out>
  <testcase name="TC5" time="17.847" classname="Org.Luxsh.TestngDemo.TC1Name"/>
  <system-out>
TC5  </system-out>
  <testcase name="TC3" time="20.946" classname="Org.Luxsh.TestngDemo.TC1Name"/>
  <system-out>
TC3  </system-out>
  <testcase name="TC1" time="23.073" classname="Org.Luxsh.TestngDemo.TC1Name"/>
  <system-out>
TC1  </system-out>
  <testcase name="TC2" time="66.957" classname="Org.Luxsh.TestngDemo.TC1Name"/>
  <system-out>
TC2  </system-out>
</testsuite> <!-- Org.Luxsh.TestngDemo.TC1Name -->
